{
  message: 'GET /',
  level: 'info',
  label: 'Premier League API',
  timestamp: '2025-08-26 12:52:23'
}
{
  message: 'Root endpoint hit!',
  level: 'debug',
  label: 'Premier League API',
  timestamp: '2025-08-26 12:52:23'
}
{
  message: 'GET /favicon.ico',
  level: 'info',
  label: 'Premier League API',
  timestamp: '2025-08-26 12:52:23'
}
{
  message: 'GET /test-db',
  level: 'info',
  label: 'Premier League API',
  timestamp: '2025-08-26 12:52:35'
}
{
  message: 'GET /db-test',
  level: 'info',
  label: 'Premier League API',
  timestamp: '2025-08-26 12:52:45'
}
{
  message: 'GET /',
  level: 'info',
  label: 'Premier League API',
  timestamp: '2025-08-26 12:54:43'
}
{
  message: 'Root endpoint hit!',
  level: 'debug',
  label: 'Premier League API',
  timestamp: '2025-08-26 12:54:43'
}
{
  message: 'GET /',
  level: 'info',
  label: 'Premier League API',
  timestamp: '2025-08-26 13:30:38'
}
{
  message: 'Root endpoint hit!',
  level: 'debug',
  label: 'Premier League API',
  timestamp: '2025-08-26 13:30:38'
}
{
  message: 'GET /',
  level: 'info',
  label: 'Premier League API',
  timestamp: '2025-08-26 13:40:16'
}
{
  message: 'Root endpoint hit!',
  level: 'debug',
  label: 'Premier League API',
  timestamp: '2025-08-26 13:40:16'
}
{
  message: 'GET /import-teams/',
  level: 'info',
  label: 'Premier League API',
  timestamp: '2025-08-26 13:46:48'
}
{
  message: 'GET /',
  level: 'info',
  label: 'Premier League API',
  timestamp: '2025-08-26 14:20:46'
}
{
  message: 'Root endpoint hit!',
  level: 'debug',
  label: 'Premier League API',
  timestamp: '2025-08-26 14:20:46'
}
{
  message: 'GET /favicon.ico',
  level: 'info',
  label: 'Premier League API',
  timestamp: '2025-08-26 14:20:46'
}
{
  message: 'GET /api/teams',
  level: 'info',
  label: 'Premier League API',
  timestamp: '2025-08-26 14:20:53'
}
{
  message: 'GET /api/teams',
  level: 'info',
  label: 'Premier League API',
  timestamp: '2025-08-26 14:22:28'
}
{
  message: 'GET /favicon.ico',
  level: 'info',
  label: 'Premier League API',
  timestamp: '2025-08-26 14:22:28'
}
